======================
Open Session: 2021-03-12T00:26:07.8444937+03:00[Europe/Moscow]
12.03.2021 00:26 ru.progwards.java2.lessons.basetypes.BiDirList загружен из C:\Users\Work\IdeaProjects\Progwards\src\ru\progwards\java2\lessons\classloader\root\20202002\

12.03.2021 00:26 ru.progwards.java2.lessons.calculator.Calculator загружен из C:\Users\Work\IdeaProjects\Progwards\src\ru\progwards\java2\lessons\classloader\root\20201902\

======================
Open Session: 2021-03-12T00:32:38.3538295+03:00[Europe/Moscow]
12.03.2021 00:32 ru.progwards.java2.lessons.calculator.Calculator загружен из C:\Users\Work\IdeaProjects\Progwards\src\ru\progwards\java2\lessons\classloader\root\2020\

12.03.2021 00:32 ru.progwards.java2.lessons.basetypes.BiDirList загружен из C:\Users\Work\IdeaProjects\Progwards\src\ru\progwards\java2\lessons\classloader\root\20202002\

======================
Open Session: 2021-03-12T00:33:33.5249852+03:00[Europe/Moscow]
======================
Open Session: 2021-03-12T00:35:36.3460101+03:00[Europe/Moscow]
======================
Open Session: 2021-03-12T00:35:58.1202555+03:00[Europe/Moscow]
======================
Open Session: 2021-03-12T00:37:25.9092768+03:00[Europe/Moscow]
======================
Open Session: 2021-03-12T00:37:36.0238553+03:00[Europe/Moscow]
======================
Open Session: 2021-03-12T00:39:13.681441+03:00[Europe/Moscow]
12.03.2021 00:39 ru.progwards.java2.lessons.calculator.Calculator загружен из C:\Users\Work\IdeaProjects\Progwards\src\ru\progwards\java2\lessons\classloader\root\2020\

======================
Open Session: 2021-03-12T00:39:30.4033974+03:00[Europe/Moscow]
======================
Open Session: 2021-03-12T00:40:37.6062412+03:00[Europe/Moscow]
12.03.2021 00:40 ru.progwards.java2.lessons.basetypes.BiDirList ошибка загрузки ClassFormatError

12.03.2021 00:40 ru.progwards.java2.lessons.calculator.Calculator загружен из C:\Users\Work\IdeaProjects\Progwards\src\ru\progwards\java2\lessons\classloader\root\2020\

======================
Open Session: 2021-03-12T00:41:36.3726025+03:00[Europe/Moscow]
12.03.2021 00:41 ru.progwards.java2.lessons.basetypes.BiDirList ошибка загрузки null

12.03.2021 00:41 ru.progwards.java2.lessons.calculator.Calculator загружен из C:\Users\Work\IdeaProjects\Progwards\src\ru\progwards\java2\lessons\classloader\root\2020\

======================
Open Session: 2021-03-12T00:42:11.2865994+03:00[Europe/Moscow]
12.03.2021 00:42 ru.progwards.java2.lessons.basetypes.BiDirList ошибка загрузки java.lang.ClassFormatError

12.03.2021 00:42 ru.progwards.java2.lessons.calculator.Calculator загружен из C:\Users\Work\IdeaProjects\Progwards\src\ru\progwards\java2\lessons\classloader\root\2020\

======================
Open Session: 2021-03-12T00:52:08.3487494+03:00[Europe/Moscow]
12.03.2021 00:52 ru.progwards.java2.lessons.basetypes.BiDirList ошибка загрузки java.lang.ClassFormatError

12.03.2021 00:52 ru.progwards.java2.lessons.calculator.Calculator загружен из C:\Users\Work\IdeaProjects\Progwards\src\ru\progwards\java2\lessons\classloader\root\2020\

======================
Open Session: 2021-03-12T23:58:33.3886121+03:00[Europe/Moscow]
12.03.2021 23:58 ru.progwards.java2.lessons.basetypes.BiDirList ошибка загрузки java.lang.ClassFormatError

12.03.2021 23:58 ru.progwards.java2.lessons.calculator.Calculator загружен из C:\Users\Work\IdeaProjects\Progwards\src\ru\progwards\java2\lessons\classloader\root\2020\

======================
Open Session: 2021-03-16T18:42:36.3681231+03:00[Europe/Moscow]
16.03.2021 18:42 ru.progwards.java2.lessons.basetypes.BiDirList ошибка загрузки java.lang.ClassFormatError

16.03.2021 18:42 ru.progwards.java2.lessons.calculator.Calculator загружен из C:\Users\Work\IdeaProjects\Progwards\src\ru\progwards\java2\lessons\classloader\root\2020\

======================
Open Session: 2021-03-16T18:45:00.3753599+03:00[Europe/Moscow]
16.03.2021 18:45 ru.progwards.java2.lessons.basetypes.BiDirList ошибка загрузки java.lang.ClassFormatError

16.03.2021 18:45 ru.progwards.java2.lessons.calculator.Calculator загружен из C:\Users\Work\IdeaProjects\Progwards\src\ru\progwards\java2\lessons\classloader\root\2020\

======================
Open Session: 2021-03-16T19:33:32.8979466+03:00[Europe/Moscow]
16.03.2021 19:33 ru.progwards.java2.lessons.basetypes.BiDirList ошибка загрузки java.lang.ClassFormatError

16.03.2021 19:33 ru.progwards.java2.lessons.calculator.Calculator загружен из C:\Users\Work\IdeaProjects\Progwards\src\ru\progwards\java2\lessons\classloader\root\20210314\

======================
Open Session: 2021-03-16T19:55:03.1097425+03:00[Europe/Moscow]
======================
Open Session: 2021-03-16T19:55:31.7363799+03:00[Europe/Moscow]
======================
Open Session: 2021-03-16T19:55:53.3556164+03:00[Europe/Moscow]
======================
Open Session: 2021-03-16T19:57:07.6308647+03:00[Europe/Moscow]
======================
Open Session: 2021-03-16T19:57:37.4045677+03:00[Europe/Moscow]
======================
Open Session: 2021-03-16T19:58:40.8641973+03:00[Europe/Moscow]
======================
Open Session: 2021-03-16T20:07:48.1284991+03:00[Europe/Moscow]
16.03.2021 20:07 ru.progwards.java2.lessons.basetypes.BiDirList ошибка загрузки java.lang.ClassFormatError

16.03.2021 20:07 ru.progwards.java2.lessons.calculator.Calculator загружен из C:\Users\Work\IdeaProjects\Progwards\src\ru\progwards\java2\lessons\classloader\root\20210316\

======================
Open Session: 2021-03-16T20:19:01.4620116+03:00[Europe/Moscow]
16.03.2021 20:19 ru.progwards.java2.lessons.basetypes.BiDirList ошибка загрузки java.lang.ClassFormatError

16.03.2021 20:19 ru.progwards.java2.lessons.calculator.Calculator загружен из C:\Users\Work\IdeaProjects\Progwards\src\ru\progwards\java2\lessons\classloader\root\20210316\

